[debug] [2021-04-24T16:29:57.373Z] ----------------------------------------------------------------------
[debug] [2021-04-24T16:29:57.374Z] Command:       /usr/bin/node /usr/local/bin/firebase init
[debug] [2021-04-24T16:29:57.375Z] CLI Version:   9.10.0
[debug] [2021-04-24T16:29:57.375Z] Platform:      linux
[debug] [2021-04-24T16:29:57.375Z] Node Version:  v10.19.0
[debug] [2021-04-24T16:29:57.375Z] Time:          Sat Apr 24 2021 18:29:57 GMT+0200 (Central European Summer Time)
[debug] [2021-04-24T16:29:57.375Z] ----------------------------------------------------------------------
[debug] 
[debug] [2021-04-24T16:29:57.378Z] > command requires scopes: ["email","openid","https://www.googleapis.com/auth/cloudplatformprojects.readonly","https://www.googleapis.com/auth/firebase","https://www.googleapis.com/auth/cloud-platform"]
[debug] [2021-04-24T16:29:57.378Z] > authorizing via signed-in user (vasium@gmail.com)
[info] 
     ######## #### ########  ######## ########     ###     ######  ########
     ##        ##  ##     ## ##       ##     ##  ##   ##  ##       ##
     ######    ##  ########  ######   ########  #########  ######  ######
     ##        ##  ##    ##  ##       ##     ## ##     ##       ## ##
     ##       #### ##     ## ######## ########  ##     ##  ######  ########

You're about to initialize a Firebase project in this directory:

  /root/Development/imessage

[info] 
=== Project Setup
[info] 
[info] First, let's associate this project directory with a Firebase project.
[info] You can create multiple project aliases by running firebase use --add, 
[info] but for now we'll just set up a default project.
[info] 
[debug] [2021-04-24T16:30:02.470Z] >>> [apiv2][query] GET https://firebase.googleapis.com/v1beta1/projects pageSize=100
[debug] [2021-04-24T16:30:02.785Z] <<< [apiv2][status] GET https://firebase.googleapis.com/v1beta1/projects 200
[debug] [2021-04-24T16:30:02.785Z] <<< [apiv2][body] GET https://firebase.googleapis.com/v1beta1/projects [omitted]
[info] i  Using project imessage-f2992 (imessage) 
[info] 
=== Hosting Setup
[info] 
[info] Your public directory is the folder (relative to your project directory) that
[info] will contain Hosting assets to be uploaded with firebase deploy. If you
[info] have a build process for your assets, use your build's output directory.
[info] 
